This is pdfTeX, Version 3.14159265-2.6-1.40.16 (TeX Live 2015/Arch Linux) (preloaded format=pdflatex 2015.10.3)  3 OCT 2015 21:35
entering extended mode
 restricted \write18 enabled.
 %&-line parsing enabled.
**&pdflatex prv_thesis.ini \nonstopmode\nofiles\PassOptionsToPackage{active,tig
htpage,auctex}{preview}\AtBeginDocument{\ifx\ifPreview\undefined\RequirePackage
[displaymath,floats,graphics,textmath,sections,footnotes]{preview}[2004/11/05]\
fi} \input thesis.tex
(./prv_thesis.ini
LaTeX2e <2015/01/01>
Babel <3.9l> and hyphenation patterns for 79 languages loaded.
(/usr/share/texmf-dist/tex/latex/carlisle/mylatex.ltx)
(/usr/share/texmf-dist/tex/latex/tools/.tex File ignored))
No auxiliary output files.

(./thesis.tex

! LaTeX Error: Missing \begin{document}.

See the LaTeX manual or LaTeX Companion for explanation.
Type  H <return>  for immediate help.
 ...                                              
                                                  
l.1 /
     begin{document}
You're in trouble here.  Try typing  <return>  to proceed.
If that doesn't work, type  X <return>  to quit.

Missing character: There is no / in font nullfont!
Missing character: There is no b in font nullfont!
Missing character: There is no e in font nullfont!
Missing character: There is no g in font nullfont!
Missing character: There is no i in font nullfont!
Missing character: There is no n in font nullfont!
Missing character: There is no d in font nullfont!
Missing character: There is no o in font nullfont!
Missing character: There is no c in font nullfont!
Missing character: There is no u in font nullfont!
Missing character: There is no m in font nullfont!
Missing character: There is no e in font nullfont!
Missing character: There is no n in font nullfont!
Missing character: There is no t in font nullfont!
)
! Emergency stop.
<*> ...{preview}[2004/11/05]\fi} \input thesis.tex
                                                  
*** (job aborted, no legal \end found)

 
Here is how much of TeX's memory you used:
 27 strings out of 493089
 596 string characters out of 6140694
 53199 words of memory out of 5000000
 3602 multiletter control sequences out of 15000+600000
 3640 words of font info for 14 fonts, out of 8000000 for 9000
 1141 hyphenation exceptions out of 8191
 5i,0n,5p,491b,14s stack positions out of 5000i,500n,10000p,200000b,80000s
!  ==> Fatal error occurred, no output PDF file produced!
